0 info it worked if it ends with ok
1 verbose cli [ 'C:\\Program Files (x86)\\Nodist\\v-x64\\nodev4.2.4\\node.exe',
1 verbose cli   'C:\\Program Files (x86)\\Nodist\\bin\\node_modules\\npm\\bin\\npm-cli.js',
1 verbose cli   'run',
1 verbose cli   'test' ]
2 info using npm@3.9.2
3 info using node@v4.2.4
4 verbose run-script [ 'pretest', 'test', 'posttest' ]
5 info lifecycle vue-localize@1.0.7~pretest: vue-localize@1.0.7
6 silly lifecycle vue-localize@1.0.7~pretest: no script for pretest, continuing
7 info lifecycle vue-localize@1.0.7~test: vue-localize@1.0.7
8 verbose lifecycle vue-localize@1.0.7~test: unsafe-perm in lifecycle true
9 verbose lifecycle vue-localize@1.0.7~test: PATH: C:\Program Files (x86)\Nodist\bin\node_modules\npm\bin\node-gyp-bin;C:\Users\zenobius\Projects\Mine\vue-localize\node_modules\.bin;C:\Program Files (x86)\Nodist\v-x64\nodev4.2.4;C:\Program Files\NVIDIA GPU Computing Toolkit\CUDA\v7.5\bin;C:\Program Files\NVIDIA GPU Computing Toolkit\CUDA\v7.5\libnvvp;C:\Windows\system32;C:\Windows;C:\Windows\System32\Wbem;C:\Windows\System32\WindowsPowerShell\v1.0\;C:\Program Files (x86)\NVIDIA Corporation\PhysX\Common;C:\ProgramData\chocolatey\lib\Cygwin\tools\cygwin;C:\tools\python2;C:\Program Files (x86)\Windows Kits\10\Windows Performance Toolkit\;C:\Program Files\Process Lasso;C:\Program Files (x86)\Bluetooth Command Line Tools\bin;C:\Users\zenobius\appdata\local\scoop\shims;C:\ProgramData\chocolatey\bin;C:\Users\zenobius\AppData\Roaming\Boxstarter;C:\PROGRA~2\Oracle\VirtualBox;C:\Program Files (x86)\Nodist\bin;C:\Program Files\Docker Toolbox
10 verbose lifecycle vue-localize@1.0.7~test: CWD: C:\Users\zenobius\Projects\Mine\vue-localize
11 silly lifecycle vue-localize@1.0.7~test: Args: [ '/d /s /c', 'cross-env NODE_ENV=test npm run unit' ]
12 silly lifecycle vue-localize@1.0.7~test: Returned: code: 1  signal: null
13 info lifecycle vue-localize@1.0.7~test: Failed to exec test script
14 verbose stack Error: vue-localize@1.0.7 test: `cross-env NODE_ENV=test npm run unit`
14 verbose stack Exit status 1
14 verbose stack     at EventEmitter.<anonymous> (C:\Program Files (x86)\Nodist\bin\node_modules\npm\lib\utils\lifecycle.js:245:16)
14 verbose stack     at emitTwo (events.js:87:13)
14 verbose stack     at EventEmitter.emit (events.js:172:7)
14 verbose stack     at ChildProcess.<anonymous> (C:\Program Files (x86)\Nodist\bin\node_modules\npm\lib\utils\spawn.js:24:14)
14 verbose stack     at emitTwo (events.js:87:13)
14 verbose stack     at ChildProcess.emit (events.js:172:7)
14 verbose stack     at maybeClose (internal/child_process.js:818:16)
14 verbose stack     at Process.ChildProcess._handle.onexit (internal/child_process.js:211:5)
15 verbose pkgid vue-localize@1.0.7
16 verbose cwd C:\Users\zenobius\Projects\Mine\vue-localize
17 error Windows_NT 10.0.10586
18 error argv "C:\\Program Files (x86)\\Nodist\\v-x64\\nodev4.2.4\\node.exe" "C:\\Program Files (x86)\\Nodist\\bin\\node_modules\\npm\\bin\\npm-cli.js" "run" "test"
19 error node v4.2.4
20 error npm  v3.9.2
21 error code ELIFECYCLE
22 error vue-localize@1.0.7 test: `cross-env NODE_ENV=test npm run unit`
22 error Exit status 1
23 error Failed at the vue-localize@1.0.7 test script 'cross-env NODE_ENV=test npm run unit'.
23 error Make sure you have the latest version of node.js and npm installed.
23 error If you do, this is most likely a problem with the vue-localize package,
23 error not with npm itself.
23 error Tell the author that this fails on your system:
23 error     cross-env NODE_ENV=test npm run unit
23 error You can get information on how to open an issue for this project with:
23 error     npm bugs vue-localize
23 error Or if that isn't available, you can get their info via:
23 error     npm owner ls vue-localize
23 error There is likely additional logging output above.
24 verbose exit [ 1, true ]
